<?xml version="1.0" encoding="utf-8"?><testsuites name="pytest tests"><testsuite name="pytest" errors="0" failures="0" skipped="0" tests="8" time="2.323" timestamp="2026-02-08T15:28:25.997632+00:00" hostname="agent-env-5961690c-92dc-4f10-8950-643dd228ead9"><testcase classname="backend.tests.test_grace_period.TestAdminAuth" name="test_admin_login" time="0.313" /><testcase classname="backend.tests.test_grace_period.TestSubscriptionSettings" name="test_get_subscription_settings" time="0.306" /><testcase classname="backend.tests.test_grace_period.TestSubscriptionSettings" name="test_update_grace_period_hours" time="0.505" /><testcase classname="backend.tests.test_grace_period.TestUserDashboardSubscriptionStatus" name="test_dashboard_returns_subscription_status" time="0.206" /><testcase classname="backend.tests.test_grace_period.TestUserDashboardSubscriptionStatus" name="test_dashboard_returns_subscription_settings" time="0.162" /><testcase classname="backend.tests.test_grace_period.TestGracePeriodAdminEndpoints" name="test_get_grace_period_users" time="0.305" /><testcase classname="backend.tests.test_grace_period.TestGracePeriodAdminEndpoints" name="test_process_expired_grace_periods" time="0.311" /><testcase classname="backend.tests.test_grace_period.TestNewUserWithTemporaryWallet" name="test_new_user_has_temporary_wallet" time="0.092" /></testsuite></testsuites>