<?xml version="1.0" encoding="utf-8"?><testsuites name="pytest tests"><testsuite name="pytest" errors="0" failures="0" skipped="0" tests="14" time="3.046" timestamp="2026-02-08T15:49:20.493418+00:00" hostname="agent-env-5961690c-92dc-4f10-8950-643dd228ead9"><testcase classname="backend.tests.test_wallet_features.TestAdminWalletSettings" name="test_get_wallet_settings" time="0.370" /><testcase classname="backend.tests.test_wallet_features.TestAdminWalletSettings" name="test_update_wallet_settings" time="0.086" /><testcase classname="backend.tests.test_wallet_features.TestAdminWalletSettings" name="test_reset_wallet_settings_to_defaults" time="0.043" /><testcase classname="backend.tests.test_wallet_features.TestUserWalletAPI" name="test_get_user_wallet_returns_wallet_settings" time="0.204" /><testcase classname="backend.tests.test_wallet_features.TestInternalTransfer" name="test_internal_transfer_earnings_to_deposit" time="0.551" /><testcase classname="backend.tests.test_wallet_features.TestInternalTransfer" name="test_internal_transfer_deposit_to_earnings" time="0.080" /><testcase classname="backend.tests.test_wallet_features.TestInternalTransfer" name="test_internal_transfer_insufficient_balance" time="0.036" /><testcase classname="backend.tests.test_wallet_features.TestInternalTransfer" name="test_internal_transfer_below_minimum" time="0.037" /><testcase classname="backend.tests.test_wallet_features.TestUserToUserTransfer" name="test_user_transfer_by_email" time="0.765" /><testcase classname="backend.tests.test_wallet_features.TestUserToUserTransfer" name="test_user_transfer_by_referral_code" time="0.115" /><testcase classname="backend.tests.test_wallet_features.TestUserToUserTransfer" name="test_user_transfer_to_self_fails" time="0.035" /><testcase classname="backend.tests.test_wallet_features.TestUserToUserTransfer" name="test_user_transfer_invalid_recipient" time="0.042" /><testcase classname="backend.tests.test_wallet_features.TestWithdrawal" name="test_withdrawal_insufficient_balance" time="0.554" /><testcase classname="backend.tests.test_wallet_features.TestWithdrawal" name="test_withdrawal_below_minimum" time="0.041" /></testsuite></testsuites>